  [1m[35m (8.6ms)[0m  [1m[34mSELECT sqlite_version(*)[0m
  [1m[35m (7.3ms)[0m  [1m[35mCREATE TABLE "schema_migrations" ("version" varchar NOT NULL PRIMARY KEY)[0m
  [1m[35m (6.0ms)[0m  [1m[35mCREATE TABLE "ar_internal_metadata" ("key" varchar NOT NULL PRIMARY KEY, "value" varchar, "created_at" datetime(6) NOT NULL, "updated_at" datetime(6) NOT NULL)[0m
  [1m[35m (0.2ms)[0m  [1m[34mSELECT "schema_migrations"."version" FROM "schema_migrations" ORDER BY "schema_migrations"."version" ASC[0m
Migrating to CreateBooks (20211129090339)
  [1m[35m (0.1ms)[0m  [1m[36mbegin transaction[0m
  [1m[35m (0.6ms)[0m  [1m[35mCREATE TABLE "books" ("id" integer PRIMARY KEY AUTOINCREMENT NOT NULL, "title" varchar, "number_of_pages" integer, "created_at" datetime(6) NOT NULL, "updated_at" datetime(6) NOT NULL)[0m
  [1m[36mActiveRecord::SchemaMigration Create (0.2ms)[0m  [1m[32mINSERT INTO "schema_migrations" ("version") VALUES (?)[0m  [["version", "20211129090339"]]
  [1m[35m (5.6ms)[0m  [1m[36mcommit transaction[0m
Migrating to DeviseCreateUsers (20211129090828)
  [1m[35m (0.0ms)[0m  [1m[36mbegin transaction[0m
  [1m[35m (0.3ms)[0m  [1m[35mCREATE TABLE "users" ("id" integer PRIMARY KEY AUTOINCREMENT NOT NULL, "email" varchar DEFAULT '' NOT NULL, "encrypted_password" varchar DEFAULT '' NOT NULL, "reset_password_token" varchar, "reset_password_sent_at" datetime, "remember_created_at" datetime, "created_at" datetime(6) NOT NULL, "updated_at" datetime(6) NOT NULL)[0m
  [1m[35m (0.1ms)[0m  [1m[35mCREATE UNIQUE INDEX "index_users_on_email" ON "users" ("email")[0m
  [1m[35m (0.2ms)[0m  [1m[35mCREATE UNIQUE INDEX "index_users_on_reset_password_token" ON "users" ("reset_password_token")[0m
  [1m[36mActiveRecord::SchemaMigration Create (0.2ms)[0m  [1m[32mINSERT INTO "schema_migrations" ("version") VALUES (?)[0m  [["version", "20211129090828"]]
  [1m[35m (6.8ms)[0m  [1m[36mcommit transaction[0m
Migrating to CreateActiveStorageTables (20211129093524)
  [1m[35m (0.1ms)[0m  [1m[36mbegin transaction[0m
  [1m[35m (0.5ms)[0m  [1m[35mCREATE TABLE "active_storage_blobs" ("id" integer PRIMARY KEY AUTOINCREMENT NOT NULL, "key" varchar NOT NULL, "filename" varchar NOT NULL, "content_type" varchar, "metadata" text, "byte_size" bigint NOT NULL, "checksum" varchar NOT NULL, "created_at" datetime NOT NULL)[0m
  [1m[35m (0.2ms)[0m  [1m[35mCREATE UNIQUE INDEX "index_active_storage_blobs_on_key" ON "active_storage_blobs" ("key")[0m
  [1m[35m (0.3ms)[0m  [1m[35mCREATE TABLE "active_storage_attachments" ("id" integer PRIMARY KEY AUTOINCREMENT NOT NULL, "name" varchar NOT NULL, "record_type" varchar NOT NULL, "record_id" integer NOT NULL, "blob_id" integer NOT NULL, "created_at" datetime NOT NULL, CONSTRAINT "fk_rails_c3b3935057"
FOREIGN KEY ("blob_id")
  REFERENCES "active_storage_blobs" ("id")
)[0m
  [1m[35m (0.2ms)[0m  [1m[35mCREATE  INDEX "index_active_storage_attachments_on_blob_id" ON "active_storage_attachments" ("blob_id")[0m
  [1m[35m (0.2ms)[0m  [1m[35mCREATE UNIQUE INDEX "index_active_storage_attachments_uniqueness" ON "active_storage_attachments" ("record_type", "record_id", "name", "blob_id")[0m
  [1m[36mActiveRecord::SchemaMigration Create (0.2ms)[0m  [1m[32mINSERT INTO "schema_migrations" ("version") VALUES (?)[0m  [["version", "20211129093524"]]
  [1m[35m (5.7ms)[0m  [1m[36mcommit transaction[0m
Migrating to AddNameAndAge (20211129103213)
  [1m[35m (0.1ms)[0m  [1m[36mbegin transaction[0m
  [1m[35m (0.5ms)[0m  [1m[35mALTER TABLE "users" ADD "name" varchar[0m
  [1m[35m (0.3ms)[0m  [1m[35mALTER TABLE "users" ADD "age" integer[0m
  [1m[35m (0.2ms)[0m  [1m[35mCREATE UNIQUE INDEX "index_users_on_name" ON "users" ("name")[0m
  [1m[36mActiveRecord::SchemaMigration Create (0.2ms)[0m  [1m[32mINSERT INTO "schema_migrations" ("version") VALUES (?)[0m  [["version", "20211129103213"]]
  [1m[35m (12.9ms)[0m  [1m[36mcommit transaction[0m
  [1m[36mActiveRecord::InternalMetadata Load (0.3ms)[0m  [1m[34mSELECT "ar_internal_metadata".* FROM "ar_internal_metadata" WHERE "ar_internal_metadata"."key" = ? LIMIT ?[0m  [["key", "environment"], ["LIMIT", 1]]
  [1m[35m (0.1ms)[0m  [1m[36mbegin transaction[0m
  [1m[36mActiveRecord::InternalMetadata Create (0.3ms)[0m  [1m[32mINSERT INTO "ar_internal_metadata" ("key", "value", "created_at", "updated_at") VALUES (?, ?, ?, ?)[0m  [["key", "environment"], ["value", "development"], ["created_at", "2021-12-12 16:14:54.421078"], ["updated_at", "2021-12-12 16:14:54.421078"]]
  [1m[35m (3.3ms)[0m  [1m[36mcommit transaction[0m
  [1m[35m (0.1ms)[0m  [1m[34mSELECT sqlite_version(*)[0m
  [1m[35m (0.2ms)[0m  [1m[34mSELECT "schema_migrations"."version" FROM "schema_migrations" ORDER BY "schema_migrations"."version" ASC[0m
Started GET "/" for 127.0.0.1 at 2021-12-12 16:15:26 +0000
  [1m[35m (0.5ms)[0m  [1m[34mSELECT sqlite_version(*)[0m
  [1m[35m (0.6ms)[0m  [1m[34mSELECT "schema_migrations"."version" FROM "schema_migrations" ORDER BY "schema_migrations"."version" ASC[0m
  
ActiveRecord::PendingMigrationError (

Migrations are pending. To resolve this issue, run:

        rails db:migrate RAILS_ENV=development

):
  
activerecord (6.0.4.1) lib/active_record/migration.rb:586:in `check_pending!'
activerecord (6.0.4.1) lib/active_record/migration.rb:564:in `call'
actionpack (6.0.4.1) lib/action_dispatch/middleware/callbacks.rb:27:in `block in call'
activesupport (6.0.4.1) lib/active_support/callbacks.rb:101:in `run_callbacks'
actionpack (6.0.4.1) lib/action_dispatch/middleware/callbacks.rb:26:in `call'
actionpack (6.0.4.1) lib/action_dispatch/middleware/executor.rb:14:in `call'
actionpack (6.0.4.1) lib/action_dispatch/middleware/actionable_exceptions.rb:18:in `call'
actionpack (6.0.4.1) lib/action_dispatch/middleware/debug_exceptions.rb:32:in `call'
web-console (4.2.0) lib/web_console/middleware.rb:132:in `call_app'
web-console (4.2.0) lib/web_console/middleware.rb:28:in `block in call'
web-console (4.2.0) lib/web_console/middleware.rb:17:in `catch'
web-console (4.2.0) lib/web_console/middleware.rb:17:in `call'
actionpack (6.0.4.1) lib/action_dispatch/middleware/show_exceptions.rb:33:in `call'
railties (6.0.4.1) lib/rails/rack/logger.rb:37:in `call_app'
railties (6.0.4.1) lib/rails/rack/logger.rb:26:in `block in call'
activesupport (6.0.4.1) lib/active_support/tagged_logging.rb:80:in `block in tagged'
activesupport (6.0.4.1) lib/active_support/tagged_logging.rb:28:in `tagged'
activesupport (6.0.4.1) lib/active_support/tagged_logging.rb:80:in `tagged'
railties (6.0.4.1) lib/rails/rack/logger.rb:26:in `call'
sprockets-rails (3.4.1) lib/sprockets/rails/quiet_assets.rb:13:in `call'
actionpack (6.0.4.1) lib/action_dispatch/middleware/remote_ip.rb:81:in `call'
actionpack (6.0.4.1) lib/action_dispatch/middleware/request_id.rb:27:in `call'
rack (2.2.3) lib/rack/method_override.rb:24:in `call'
rack (2.2.3) lib/rack/runtime.rb:22:in `call'
activesupport (6.0.4.1) lib/active_support/cache/strategy/local_cache_middleware.rb:29:in `call'
actionpack (6.0.4.1) lib/action_dispatch/middleware/executor.rb:14:in `call'
actionpack (6.0.4.1) lib/action_dispatch/middleware/static.rb:126:in `call'
rack (2.2.3) lib/rack/sendfile.rb:110:in `call'
actionpack (6.0.4.1) lib/action_dispatch/middleware/host_authorization.rb:76:in `call'
webpacker (4.3.0) lib/webpacker/dev_server_proxy.rb:23:in `perform_request'
rack-proxy (0.7.0) lib/rack/proxy.rb:63:in `call'
railties (6.0.4.1) lib/rails/engine.rb:527:in `call'
puma (4.3.10) lib/puma/configuration.rb:228:in `call'
puma (4.3.10) lib/puma/server.rb:718:in `handle_request'
puma (4.3.10) lib/puma/server.rb:472:in `process_client'
puma (4.3.10) lib/puma/server.rb:328:in `block in run'
puma (4.3.10) lib/puma/thread_pool.rb:134:in `block in spawn_thread'
  [1m[35m (0.5ms)[0m  [1m[34mSELECT sqlite_version(*)[0m
  [1m[35m (0.1ms)[0m  [1m[34mSELECT "schema_migrations"."version" FROM "schema_migrations" ORDER BY "schema_migrations"."version" ASC[0m
Migrating to AddDetail (20211212161505)
  [1m[35m (0.1ms)[0m  [1m[36mbegin transaction[0m
  [1m[36mActiveRecord::SchemaMigration Create (0.7ms)[0m  [1m[32mINSERT INTO "schema_migrations" ("version") VALUES (?)[0m  [["version", "20211212161505"]]
  [1m[35m (4.5ms)[0m  [1m[36mcommit transaction[0m
  [1m[36mActiveRecord::InternalMetadata Load (0.2ms)[0m  [1m[34mSELECT "ar_internal_metadata".* FROM "ar_internal_metadata" WHERE "ar_internal_metadata"."key" = ? LIMIT ?[0m  [["key", "environment"], ["LIMIT", 1]]
  [1m[35m (0.1ms)[0m  [1m[34mSELECT sqlite_version(*)[0m
  [1m[35m (0.2ms)[0m  [1m[34mSELECT "schema_migrations"."version" FROM "schema_migrations" ORDER BY "schema_migrations"."version" ASC[0m
Started GET "/" for 127.0.0.1 at 2021-12-12 16:15:47 +0000
  [1m[35m (0.1ms)[0m  [1m[34mSELECT sqlite_version(*)[0m
  [1m[35m (0.2ms)[0m  [1m[34mSELECT "schema_migrations"."version" FROM "schema_migrations" ORDER BY "schema_migrations"."version" ASC[0m
Processing by StaticPagesController#home as HTML
  Rendering static_pages/home.html.erb within layouts/application
  Rendered static_pages/home.html.erb within layouts/application (Duration: 3.3ms | Allocations: 152)
[Webpacker] Compiling...
[Webpacker] Compiled all packs in /home/ubuntu/it_nihongo_rails2/public/packs
[Webpacker] Though the "loose" option was set to "false" in your @babel/preset-env config, it will not be used for @babel/plugin-proposal-private-property-in-object since the "loose" mode option was set to "true" for @babel/plugin-proposal-class-properties.
The "loose" option must be the same for @babel/plugin-proposal-class-properties, @babel/plugin-proposal-private-methods and @babel/plugin-proposal-private-property-in-object (when they are enabled): you can silence this warning by explicitly adding
	["@babel/plugin-proposal-private-property-in-object", { "loose": true }]
to the "plugins" section of your Babel config.
Though the "loose" option was set to "false" in your @babel/preset-env config, it will not be used for @babel/plugin-proposal-private-methods since the "loose" mode option was set to "true" for @babel/plugin-proposal-private-property-in-object.
The "loose" option must be the same for @babel/plugin-proposal-class-properties, @babel/plugin-proposal-private-methods and @babel/plugin-proposal-private-property-in-object (when they are enabled): you can silence this warning by explicitly adding
	["@babel/plugin-proposal-private-methods", { "loose": true }]
to the "plugins" section of your Babel config.
Though the "loose" option was set to "false" in your @babel/preset-env config, it will not be used for @babel/plugin-proposal-private-property-in-object since the "loose" mode option was set to "true" for @babel/plugin-proposal-class-properties.
The "loose" option must be the same for @babel/plugin-proposal-class-properties, @babel/plugin-proposal-private-methods and @babel/plugin-proposal-private-property-in-object (when they are enabled): you can silence this warning by explicitly adding
	["@babel/plugin-proposal-private-property-in-object", { "loose": true }]
to the "plugins" section of your Babel config.
Though the "loose" option was set to "false" in your @babel/preset-env config, it will not be used for @babel/plugin-proposal-private-methods since the "loose" mode option was set to "true" for @babel/plugin-proposal-private-property-in-object.
The "loose" option must be the same for @babel/plugin-proposal-class-properties, @babel/plugin-proposal-private-methods and @babel/plugin-proposal-private-property-in-object (when they are enabled): you can silence this warning by explicitly adding
	["@babel/plugin-proposal-private-methods", { "loose": true }]
to the "plugins" section of your Babel config.
Though the "loose" option was set to "false" in your @babel/preset-env config, it will not be used for @babel/plugin-proposal-private-property-in-object since the "loose" mode option was set to "true" for @babel/plugin-proposal-class-properties.
The "loose" option must be the same for @babel/plugin-proposal-class-properties, @babel/plugin-proposal-private-methods and @babel/plugin-proposal-private-property-in-object (when they are enabled): you can silence this warning by explicitly adding
	["@babel/plugin-proposal-private-property-in-object", { "loose": true }]
to the "plugins" section of your Babel config.
Though the "loose" option was set to "false" in your @babel/preset-env config, it will not be used for @babel/plugin-proposal-private-methods since the "loose" mode option was set to "true" for @babel/plugin-proposal-private-property-in-object.
The "loose" option must be the same for @babel/plugin-proposal-class-properties, @babel/plugin-proposal-private-methods and @babel/plugin-proposal-private-property-in-object (when they are enabled): you can silence this warning by explicitly adding
	["@babel/plugin-proposal-private-methods", { "loose": true }]
to the "plugins" section of your Babel config.
Though the "loose" option was set to "false" in your @babel/preset-env config, it will not be used for @babel/plugin-proposal-private-property-in-object since the "loose" mode option was set to "true" for @babel/plugin-proposal-class-properties.
The "loose" option must be the same for @babel/plugin-proposal-class-properties, @babel/plugin-proposal-private-methods and @babel/plugin-proposal-private-property-in-object (when they are enabled): you can silence this warning by explicitly adding
	["@babel/plugin-proposal-private-property-in-object", { "loose": true }]
to the "plugins" section of your Babel config.
Though the "loose" option was set to "false" in your @babel/preset-env config, it will not be used for @babel/plugin-proposal-private-methods since the "loose" mode option was set to "true" for @babel/plugin-proposal-private-property-in-object.
The "loose" option must be the same for @babel/plugin-proposal-class-properties, @babel/plugin-proposal-private-methods and @babel/plugin-proposal-private-property-in-object (when they are enabled): you can silence this warning by explicitly adding
	["@babel/plugin-proposal-private-methods", { "loose": true }]
to the "plugins" section of your Babel config.
Though the "loose" option was set to "false" in your @babel/preset-env config, it will not be used for @babel/plugin-proposal-private-property-in-object since the "loose" mode option was set to "true" for @babel/plugin-proposal-class-properties.
The "loose" option must be the same for @babel/plugin-proposal-class-properties, @babel/plugin-proposal-private-methods and @babel/plugin-proposal-private-property-in-object (when they are enabled): you can silence this warning by explicitly adding
	["@babel/plugin-proposal-private-property-in-object", { "loose": true }]
to the "plugins" section of your Babel config.
Though the "loose" option was set to "false" in your @babel/preset-env config, it will not be used for @babel/plugin-proposal-private-methods since the "loose" mode option was set to "true" for @babel/plugin-proposal-private-property-in-object.
The "loose" option must be the same for @babel/plugin-proposal-class-properties, @babel/plugin-proposal-private-methods and @babel/plugin-proposal-private-property-in-object (when they are enabled): you can silence this warning by explicitly adding
	["@babel/plugin-proposal-private-methods", { "loose": true }]
to the "plugins" section of your Babel config.
Though the "loose" option was set to "false" in your @babel/preset-env config, it will not be used for @babel/plugin-proposal-private-property-in-object since the "loose" mode option was set to "true" for @babel/plugin-proposal-class-properties.
The "loose" option must be the same for @babel/plugin-proposal-class-properties, @babel/plugin-proposal-private-methods and @babel/plugin-proposal-private-property-in-object (when they are enabled): you can silence this warning by explicitly adding
	["@babel/plugin-proposal-private-property-in-object", { "loose": true }]
to the "plugins" section of your Babel config.
Though the "loose" option was set to "false" in your @babel/preset-env config, it will not be used for @babel/plugin-proposal-private-methods since the "loose" mode option was set to "true" for @babel/plugin-proposal-private-property-in-object.
The "loose" option must be the same for @babel/plugin-proposal-class-properties, @babel/plugin-proposal-private-methods and @babel/plugin-proposal-private-property-in-object (when they are enabled): you can silence this warning by explicitly adding
	["@babel/plugin-proposal-private-methods", { "loose": true }]
to the "plugins" section of your Babel config.

[Webpacker] Hash: bdff1afdfbe7c189d484
Version: webpack 4.46.0
Time: 2547ms
Built at: 12/12/2021 4:15:52 PM
                                     Asset       Size       Chunks                         Chunk Names
    js/application-a860ea931ce4c057e219.js    124 KiB  application  [emitted] [immutable]  application
js/application-a860ea931ce4c057e219.js.map    139 KiB  application  [emitted] [dev]        application
                             manifest.json  364 bytes               [emitted]              
Entrypoint application = js/application-a860ea931ce4c057e219.js js/application-a860ea931ce4c057e219.js.map
[./app/javascript/channels sync recursive _channel\.js$] ./app/javascript/channels sync _channel\.js$ 160 bytes {application} [built]
[./app/javascript/channels/index.js] 211 bytes {application} [built]
[./app/javascript/packs/application.js] 749 bytes {application} [built]
[./node_modules/webpack/buildin/module.js] (webpack)/buildin/module.js 552 bytes {application} [built]
    + 3 hidden modules

Completed 200 OK in 5048ms (Views: 5021.6ms | ActiveRecord: 0.0ms | Allocations: 27970)


Started GET "/home" for 127.0.0.1 at 2021-12-12 16:15:55 +0000
  
ActionController::RoutingError (No route matches [GET] "/home"):
  
actionpack (6.0.4.1) lib/action_dispatch/middleware/debug_exceptions.rb:36:in `call'
web-console (4.2.0) lib/web_console/middleware.rb:132:in `call_app'
web-console (4.2.0) lib/web_console/middleware.rb:28:in `block in call'
web-console (4.2.0) lib/web_console/middleware.rb:17:in `catch'
web-console (4.2.0) lib/web_console/middleware.rb:17:in `call'
actionpack (6.0.4.1) lib/action_dispatch/middleware/show_exceptions.rb:33:in `call'
railties (6.0.4.1) lib/rails/rack/logger.rb:37:in `call_app'
railties (6.0.4.1) lib/rails/rack/logger.rb:26:in `block in call'
activesupport (6.0.4.1) lib/active_support/tagged_logging.rb:80:in `block in tagged'
activesupport (6.0.4.1) lib/active_support/tagged_logging.rb:28:in `tagged'
activesupport (6.0.4.1) lib/active_support/tagged_logging.rb:80:in `tagged'
railties (6.0.4.1) lib/rails/rack/logger.rb:26:in `call'
sprockets-rails (3.4.1) lib/sprockets/rails/quiet_assets.rb:13:in `call'
actionpack (6.0.4.1) lib/action_dispatch/middleware/remote_ip.rb:81:in `call'
actionpack (6.0.4.1) lib/action_dispatch/middleware/request_id.rb:27:in `call'
rack (2.2.3) lib/rack/method_override.rb:24:in `call'
rack (2.2.3) lib/rack/runtime.rb:22:in `call'
activesupport (6.0.4.1) lib/active_support/cache/strategy/local_cache_middleware.rb:29:in `call'
actionpack (6.0.4.1) lib/action_dispatch/middleware/executor.rb:14:in `call'
actionpack (6.0.4.1) lib/action_dispatch/middleware/static.rb:126:in `call'
rack (2.2.3) lib/rack/sendfile.rb:110:in `call'
actionpack (6.0.4.1) lib/action_dispatch/middleware/host_authorization.rb:76:in `call'
webpacker (4.3.0) lib/webpacker/dev_server_proxy.rb:23:in `perform_request'
rack-proxy (0.7.0) lib/rack/proxy.rb:63:in `call'
railties (6.0.4.1) lib/rails/engine.rb:527:in `call'
puma (4.3.10) lib/puma/configuration.rb:228:in `call'
puma (4.3.10) lib/puma/server.rb:718:in `handle_request'
puma (4.3.10) lib/puma/server.rb:472:in `process_client'
puma (4.3.10) lib/puma/server.rb:328:in `block in run'
puma (4.3.10) lib/puma/thread_pool.rb:134:in `block in spawn_thread'
Started GET "/" for 127.0.0.1 at 2021-12-12 16:15:59 +0000
Processing by StaticPagesController#home as HTML
  Rendering static_pages/home.html.erb within layouts/application
  Rendered static_pages/home.html.erb within layouts/application (Duration: 0.2ms | Allocations: 36)
[Webpacker] Everything's up-to-date. Nothing to do
Completed 200 OK in 10ms (Views: 9.0ms | ActiveRecord: 0.0ms | Allocations: 3640)


Started GET "/books" for 127.0.0.1 at 2021-12-12 16:16:01 +0000
Processing by BooksController#index as HTML
Completed 401 Unauthorized in 1ms (ActiveRecord: 0.0ms | Allocations: 369)


Started GET "/users/sign_in" for 127.0.0.1 at 2021-12-12 16:16:02 +0000
Processing by Devise::SessionsController#new as HTML
  Rendering devise/sessions/new.html.erb within layouts/application
  Rendered devise/shared/_links.html.erb (Duration: 2.5ms | Allocations: 590)
  Rendered devise/sessions/new.html.erb within layouts/application (Duration: 18.6ms | Allocations: 3094)
[Webpacker] Everything's up-to-date. Nothing to do
Completed 200 OK in 59ms (Views: 29.5ms | ActiveRecord: 1.7ms | Allocations: 14414)


Started GET "/users/sign_up" for 127.0.0.1 at 2021-12-12 16:16:05 +0000
Processing by Devise::RegistrationsController#new as HTML
  Rendering devise/registrations/new.html.erb within layouts/application
  Rendered devise/shared/_error_messages.html.erb (Duration: 1.3ms | Allocations: 196)
  Rendered devise/shared/_links.html.erb (Duration: 0.6ms | Allocations: 119)
  Rendered devise/registrations/new.html.erb within layouts/application (Duration: 13.3ms | Allocations: 2737)
[Webpacker] Everything's up-to-date. Nothing to do
Completed 200 OK in 26ms (Views: 24.4ms | ActiveRecord: 0.0ms | Allocations: 7242)


Started POST "/users" for 127.0.0.1 at 2021-12-12 16:16:24 +0000
Processing by Devise::RegistrationsController#create as HTML
  Parameters: {"authenticity_token"=>"To4XHOUoB/tDblTRki75E7FO8ctNm0hHTDbTqa8sv5cq4W6UN0HOVcbN5mMWxecMz6duMkTqnpwjAhZHx981Yg==", "user"=>{"name"=>"tr", "age"=>"123", "avatar"=>#<ActionDispatch::Http::UploadedFile:0x0000000003be9c10 @tempfile=#<Tempfile:/tmp/RackMultipart20211212-4305-1vlt0go.jpg>, @original_filename="254115439_1078134212759575_7577454695545346369_n.jpg", @content_type="image/jpeg", @headers="Content-Disposition: form-data; name=\"user[avatar]\"; filename=\"254115439_1078134212759575_7577454695545346369_n.jpg\"\r\nContent-Type: image/jpeg\r\n">, "email"=>"admin@gmail.com", "password"=>"[FILTERED]", "password_confirmation"=>"[FILTERED]"}, "commit"=>"Sign up"}
  [1m[35m (0.1ms)[0m  [1m[36mbegin transaction[0m
  [1m[36mUser Exists? (0.6ms)[0m  [1m[34mSELECT 1 AS one FROM "users" WHERE "users"."email" = ? LIMIT ?[0m  [["email", "admin@gmail.com"], ["LIMIT", 1]]
  [1m[36mUser Create (2.5ms)[0m  [1m[32mINSERT INTO "users" ("email", "encrypted_password", "created_at", "updated_at", "name", "age") VALUES (?, ?, ?, ?, ?, ?)[0m  [["email", "admin@gmail.com"], ["encrypted_password", "$2a$12$nPdaGycZp71hUibGHyHCwugZ5emF2KUHUWoRcmyfwlRySWTGVpvfq"], ["created_at", "2021-12-12 16:16:24.326991"], ["updated_at", "2021-12-12 16:16:24.326991"], ["name", "tr"], ["age", 123]]
  [1m[36mActiveStorage::Blob Load (0.7ms)[0m  [1m[34mSELECT "active_storage_blobs".* FROM "active_storage_blobs" INNER JOIN "active_storage_attachments" ON "active_storage_blobs"."id" = "active_storage_attachments"."blob_id" WHERE "active_storage_attachments"."record_id" = ? AND "active_storage_attachments"."record_type" = ? AND "active_storage_attachments"."name" = ? LIMIT ?[0m  [["record_id", 1], ["record_type", "User"], ["name", "avatar"], ["LIMIT", 1]]
  [1m[36mActiveStorage::Attachment Load (0.1ms)[0m  [1m[34mSELECT "active_storage_attachments".* FROM "active_storage_attachments" WHERE "active_storage_attachments"."record_id" = ? AND "active_storage_attachments"."record_type" = ? AND "active_storage_attachments"."name" = ? LIMIT ?[0m  [["record_id", 1], ["record_type", "User"], ["name", "avatar"], ["LIMIT", 1]]
  [1m[36mActiveStorage::Blob Create (5.1ms)[0m  [1m[32mINSERT INTO "active_storage_blobs" ("key", "filename", "content_type", "metadata", "byte_size", "checksum", "created_at") VALUES (?, ?, ?, ?, ?, ?, ?)[0m  [["key", "aik3ckhf4w0a252v4c59nj5steam"], ["filename", "254115439_1078134212759575_7577454695545346369_n.jpg"], ["content_type", "image/jpeg"], ["metadata", "{\"identified\":true}"], ["byte_size", 499568], ["checksum", "Ce+C+/mWEU3DCbD0kGNxzg=="], ["created_at", "2021-12-12 16:16:24.450843"]]
  [1m[36mActiveStorage::Attachment Create (0.2ms)[0m  [1m[32mINSERT INTO "active_storage_attachments" ("name", "record_type", "record_id", "blob_id", "created_at") VALUES (?, ?, ?, ?, ?)[0m  [["name", "avatar"], ["record_type", "User"], ["record_id", 1], ["blob_id", 1], ["created_at", "2021-12-12 16:16:24.458902"]]
  [1m[36mUser Update (0.2ms)[0m  [1m[33mUPDATE "users" SET "updated_at" = ? WHERE "users"."id" = ?[0m  [["updated_at", "2021-12-12 16:16:24.462669"], ["id", 1]]
  [1m[35m (8.1ms)[0m  [1m[36mcommit transaction[0m
[36m  Disk Storage (5.0ms) [0m[32mUploaded file to key: aik3ckhf4w0a252v4c59nj5steam (checksum: Ce+C+/mWEU3DCbD0kGNxzg==)[0m
[ActiveJob] Enqueued ActiveStorage::AnalyzeJob (Job ID: 5c49b4b5-2fcb-4747-a83b-78381791fdc9) to Async(active_storage_analysis) with arguments: #<GlobalID:0x00000000046e7860 @uri=#<URI::GID gid://thefirstrails/ActiveStorage::Blob/1>>
  [1m[35m (0.1ms)[0m  [1m[34mSELECT sqlite_version(*)[0m
  [1m[36mActiveStorage::Blob Load (0.2ms)[0m  [1m[34mSELECT "active_storage_blobs".* FROM "active_storage_blobs" WHERE "active_storage_blobs"."id" = ? LIMIT ?[0m  [["id", 1], ["LIMIT", 1]]
[ActiveJob] [ActiveStorage::AnalyzeJob] [5c49b4b5-2fcb-4747-a83b-78381791fdc9] Performing ActiveStorage::AnalyzeJob (Job ID: 5c49b4b5-2fcb-4747-a83b-78381791fdc9) from Async(active_storage_analysis) enqueued at 2021-12-12T16:16:24Z with arguments: #<GlobalID:0x00000000046aeb28 @uri=#<URI::GID gid://thefirstrails/ActiveStorage::Blob/1>>
Redirected to https://localhost-tr-ng-v--111111.paiza-user-free.cloud:3000/books
Completed 302 Found in 507ms (ActiveRecord: 18.9ms | Allocations: 57604)


[ActiveJob] [ActiveStorage::AnalyzeJob] [5c49b4b5-2fcb-4747-a83b-78381791fdc9] [36m  Disk Storage (1.6ms) [0m[34mDownloaded file from key: aik3ckhf4w0a252v4c59nj5steam[0m
[ActiveJob] [ActiveStorage::AnalyzeJob] [5c49b4b5-2fcb-4747-a83b-78381791fdc9] Skipping image analysis because the mini_magick gem isn't installed
[ActiveJob] [ActiveStorage::AnalyzeJob] [5c49b4b5-2fcb-4747-a83b-78381791fdc9]   [1m[35m (0.1ms)[0m  [1m[36mbegin transaction[0m
[ActiveJob] [ActiveStorage::AnalyzeJob] [5c49b4b5-2fcb-4747-a83b-78381791fdc9]   [1m[36mActiveStorage::Blob Update (1.0ms)[0m  [1m[33mUPDATE "active_storage_blobs" SET "metadata" = ? WHERE "active_storage_blobs"."id" = ?[0m  [["metadata", "{\"identified\":true,\"analyzed\":true}"], ["id", 1]]
[ActiveJob] [ActiveStorage::AnalyzeJob] [5c49b4b5-2fcb-4747-a83b-78381791fdc9]   [1m[35m (5.0ms)[0m  [1m[36mcommit transaction[0m
[ActiveJob] [ActiveStorage::AnalyzeJob] [5c49b4b5-2fcb-4747-a83b-78381791fdc9] Performed ActiveStorage::AnalyzeJob (Job ID: 5c49b4b5-2fcb-4747-a83b-78381791fdc9) from Async(active_storage_analysis) in 26.63ms
Started GET "/books" for 127.0.0.1 at 2021-12-12 16:16:24 +0000
Processing by BooksController#index as HTML
  [1m[36mUser Load (0.3ms)[0m  [1m[34mSELECT "users".* FROM "users" WHERE "users"."id" = ? ORDER BY "users"."id" ASC LIMIT ?[0m  [["id", 1], ["LIMIT", 1]]
  Rendering books/index.html.erb within layouts/application
  [1m[36mBook Load (0.7ms)[0m  [1m[34mSELECT "books".* FROM "books"[0m
  ↳ app/views/books/index.html.erb:15
  Rendered books/index.html.erb within layouts/application (Duration: 6.2ms | Allocations: 1344)
[Webpacker] Everything's up-to-date. Nothing to do
Completed 200 OK in 30ms (Views: 17.9ms | ActiveRecord: 1.6ms | Allocations: 7874)


Started GET "/books/new" for 127.0.0.1 at 2021-12-12 16:16:27 +0000
Processing by BooksController#new as HTML
  [1m[36mUser Load (0.2ms)[0m  [1m[34mSELECT "users".* FROM "users" WHERE "users"."id" = ? ORDER BY "users"."id" ASC LIMIT ?[0m  [["id", 1], ["LIMIT", 1]]
  Rendering books/new.html.erb within layouts/application
  Rendered books/_form.html.erb (Duration: 7.9ms | Allocations: 1922)
  Rendered books/new.html.erb within layouts/application (Duration: 10.3ms | Allocations: 2251)
[Webpacker] Everything's up-to-date. Nothing to do
Completed 200 OK in 33ms (Views: 18.7ms | ActiveRecord: 0.8ms | Allocations: 9814)


Started POST "/books" for 127.0.0.1 at 2021-12-12 16:16:33 +0000
Processing by BooksController#create as HTML
  Parameters: {"authenticity_token"=>"Jzad1GGBCnSbdAvGx4wq9jQm6qH3MSbTFv8F+DaI8hZ6dNiZ6EjypmmNPtjrnAO2BGklBaw9ESzTfnmiFSpLxw==", "book"=>{"title"=>"11", "number_of_pages"=>"11", "detail"=>"111", "image"=>#<ActionDispatch::Http::UploadedFile:0x000000000374f330 @tempfile=#<Tempfile:/tmp/RackMultipart20211212-4305-1pl2fun.jpeg>, @original_filename="loat-background-hoc-online-cuc-chat-choi-gen-z-khong-the-bo-qua-hinh-5.jpeg", @content_type="image/jpeg", @headers="Content-Disposition: form-data; name=\"book[image]\"; filename=\"loat-background-hoc-online-cuc-chat-choi-gen-z-khong-the-bo-qua-hinh-5.jpeg\"\r\nContent-Type: image/jpeg\r\n">}, "commit"=>"Create Book"}
  [1m[36mUser Load (0.2ms)[0m  [1m[34mSELECT "users".* FROM "users" WHERE "users"."id" = ? ORDER BY "users"."id" ASC LIMIT ?[0m  [["id", 1], ["LIMIT", 1]]
Completed 500 Internal Server Error in 5ms (ActiveRecord: 0.2ms | Allocations: 2284)


  
ActiveModel::UnknownAttributeError (unknown attribute 'detail' for Book.):
  
app/controllers/books_controller.rb:24:in `create'
Started GET "/" for 127.0.0.1 at 2021-12-12 16:18:02 +0000
  [1m[35m (0.1ms)[0m  [1m[34mSELECT sqlite_version(*)[0m
  [1m[35m (0.1ms)[0m  [1m[34mSELECT "schema_migrations"."version" FROM "schema_migrations" ORDER BY "schema_migrations"."version" ASC[0m
Processing by StaticPagesController#home as HTML
  Rendering static_pages/home.html.erb within layouts/application
  Rendered static_pages/home.html.erb within layouts/application (Duration: 0.2ms | Allocations: 40)
[Webpacker] Everything's up-to-date. Nothing to do
  [1m[36mUser Load (0.1ms)[0m  [1m[34mSELECT "users".* FROM "users" WHERE "users"."id" = ? ORDER BY "users"."id" ASC LIMIT ?[0m  [["id", 1], ["LIMIT", 1]]
  ↳ app/views/layouts/application.html.erb:14
Completed 200 OK in 20ms (Views: 17.0ms | ActiveRecord: 0.9ms | Allocations: 10939)


Started GET "/books" for 127.0.0.1 at 2021-12-12 16:18:04 +0000
Processing by BooksController#index as HTML
  [1m[36mUser Load (0.3ms)[0m  [1m[34mSELECT "users".* FROM "users" WHERE "users"."id" = ? ORDER BY "users"."id" ASC LIMIT ?[0m  [["id", 1], ["LIMIT", 1]]
  Rendering books/index.html.erb within layouts/application
  [1m[36mBook Load (0.3ms)[0m  [1m[34mSELECT "books".* FROM "books"[0m
  ↳ app/views/books/index.html.erb:15
  Rendered books/index.html.erb within layouts/application (Duration: 3.3ms | Allocations: 913)
[Webpacker] Everything's up-to-date. Nothing to do
Completed 200 OK in 20ms (Views: 11.9ms | ActiveRecord: 1.0ms | Allocations: 6848)


Started GET "/books/new" for 127.0.0.1 at 2021-12-12 16:18:05 +0000
Processing by BooksController#new as HTML
  [1m[36mUser Load (0.2ms)[0m  [1m[34mSELECT "users".* FROM "users" WHERE "users"."id" = ? ORDER BY "users"."id" ASC LIMIT ?[0m  [["id", 1], ["LIMIT", 1]]
  Rendering books/new.html.erb within layouts/application
  Rendered books/_form.html.erb (Duration: 3.6ms | Allocations: 1239)
  Rendered books/new.html.erb within layouts/application (Duration: 4.0ms | Allocations: 1321)
[Webpacker] Everything's up-to-date. Nothing to do
Completed 200 OK in 25ms (Views: 11.2ms | ActiveRecord: 0.8ms | Allocations: 8663)


Started POST "/books" for 127.0.0.1 at 2021-12-12 16:18:13 +0000
Processing by BooksController#create as HTML
  Parameters: {"authenticity_token"=>"hV5+Grm8KObMdu/TR+lviriEolGst/X5Olq3nq8JRaTYHDtXMHXQND6P2s1r+UbKiMtt9fe7wgb/28vEjKv8dQ==", "book"=>{"title"=>"312", "number_of_pages"=>"1", "detail"=>"a", "image"=>#<ActionDispatch::Http::UploadedFile:0x00000000043b2410 @tempfile=#<Tempfile:/tmp/RackMultipart20211212-4305-wvb4nj.png>, @original_filename="Untitled.png", @content_type="image/png", @headers="Content-Disposition: form-data; name=\"book[image]\"; filename=\"Untitled.png\"\r\nContent-Type: image/png\r\n">}, "commit"=>"Create Book"}
  [1m[36mUser Load (0.2ms)[0m  [1m[34mSELECT "users".* FROM "users" WHERE "users"."id" = ? ORDER BY "users"."id" ASC LIMIT ?[0m  [["id", 1], ["LIMIT", 1]]
Completed 500 Internal Server Error in 4ms (ActiveRecord: 0.2ms | Allocations: 2294)


  
ActiveModel::UnknownAttributeError (unknown attribute 'detail' for Book.):
  
app/controllers/books_controller.rb:24:in `create'
Started GET "/" for 127.0.0.1 at 2021-12-12 16:19:29 +0000
  [1m[35m (0.1ms)[0m  [1m[34mSELECT sqlite_version(*)[0m
Processing by StaticPagesController#home as HTML
  Rendering static_pages/home.html.erb within layouts/application
  Rendered static_pages/home.html.erb within layouts/application (Duration: 0.8ms | Allocations: 40)
[Webpacker] Everything's up-to-date. Nothing to do
  [1m[36mUser Load (0.2ms)[0m  [1m[34mSELECT "users".* FROM "users" WHERE "users"."id" = ? ORDER BY "users"."id" ASC LIMIT ?[0m  [["id", 1], ["LIMIT", 1]]
  ↳ app/views/layouts/application.html.erb:14
Completed 200 OK in 37ms (Views: 33.3ms | ActiveRecord: 1.5ms | Allocations: 11019)


Started GET "/books" for 127.0.0.1 at 2021-12-12 16:19:31 +0000
Processing by BooksController#index as HTML
  [1m[36mUser Load (0.2ms)[0m  [1m[34mSELECT "users".* FROM "users" WHERE "users"."id" = ? ORDER BY "users"."id" ASC LIMIT ?[0m  [["id", 1], ["LIMIT", 1]]
  Rendering books/index.html.erb within layouts/application
  [1m[36mBook Load (0.3ms)[0m  [1m[34mSELECT "books".* FROM "books"[0m
  ↳ app/views/books/index.html.erb:15
  Rendered books/index.html.erb within layouts/application (Duration: 3.0ms | Allocations: 913)
[Webpacker] Everything's up-to-date. Nothing to do
Completed 200 OK in 18ms (Views: 10.6ms | ActiveRecord: 0.9ms | Allocations: 6828)


Started GET "/books/new" for 127.0.0.1 at 2021-12-12 16:19:33 +0000
Processing by BooksController#new as HTML
  [1m[36mUser Load (0.2ms)[0m  [1m[34mSELECT "users".* FROM "users" WHERE "users"."id" = ? ORDER BY "users"."id" ASC LIMIT ?[0m  [["id", 1], ["LIMIT", 1]]
Completed 400 Bad Request in 4ms (ActiveRecord: 0.2ms | Allocations: 2024)


  
ActionController::ParameterMissing (param is missing or the value is empty: book):
  
app/controllers/books_controller.rb:67:in `book_params'
app/controllers/books_controller.rb:15:in `new'
Started GET "/" for 127.0.0.1 at 2021-12-12 16:20:12 +0000
  [1m[35m (0.1ms)[0m  [1m[34mSELECT sqlite_version(*)[0m
Processing by StaticPagesController#home as HTML
  Rendering static_pages/home.html.erb within layouts/application
  Rendered static_pages/home.html.erb within layouts/application (Duration: 0.2ms | Allocations: 40)
[Webpacker] Everything's up-to-date. Nothing to do
  [1m[36mUser Load (0.2ms)[0m  [1m[34mSELECT "users".* FROM "users" WHERE "users"."id" = ? ORDER BY "users"."id" ASC LIMIT ?[0m  [["id", 1], ["LIMIT", 1]]
  ↳ app/views/layouts/application.html.erb:14
Completed 200 OK in 25ms (Views: 22.0ms | ActiveRecord: 0.8ms | Allocations: 10963)


Started GET "/books" for 127.0.0.1 at 2021-12-12 16:20:18 +0000
  
SyntaxError (/home/ubuntu/it_nihongo_rails2/app/controllers/books_controller.rb:58: syntax error, unexpected `end', expecting end-of-input):
  
app/controllers/books_controller.rb:58: syntax error, unexpected `end', expecting end-of-input
app/controllers/books_controller.rb:58: syntax error, unexpected `end', expecting end-of-input
app/controllers/books_controller.rb:58: syntax error, unexpected `end', expecting end-of-input
Started GET "/" for 127.0.0.1 at 2021-12-12 16:20:50 +0000
  [1m[35m (0.1ms)[0m  [1m[34mSELECT sqlite_version(*)[0m
Processing by StaticPagesController#home as HTML
  Rendering static_pages/home.html.erb within layouts/application
  Rendered static_pages/home.html.erb within layouts/application (Duration: 0.2ms | Allocations: 40)
[Webpacker] Everything's up-to-date. Nothing to do
  [1m[36mUser Load (0.2ms)[0m  [1m[34mSELECT "users".* FROM "users" WHERE "users"."id" = ? ORDER BY "users"."id" ASC LIMIT ?[0m  [["id", 1], ["LIMIT", 1]]
  ↳ app/views/layouts/application.html.erb:14
Completed 200 OK in 24ms (Views: 20.9ms | ActiveRecord: 1.0ms | Allocations: 10959)


Started GET "/books" for 127.0.0.1 at 2021-12-12 16:20:51 +0000
Processing by BooksController#index as HTML
  [1m[36mUser Load (0.1ms)[0m  [1m[34mSELECT "users".* FROM "users" WHERE "users"."id" = ? ORDER BY "users"."id" ASC LIMIT ?[0m  [["id", 1], ["LIMIT", 1]]
  Rendering books/index.html.erb within layouts/application
  [1m[36mBook Load (0.2ms)[0m  [1m[34mSELECT "books".* FROM "books"[0m
  ↳ app/views/books/index.html.erb:15
  Rendered books/index.html.erb within layouts/application (Duration: 1.8ms | Allocations: 915)
[Webpacker] Everything's up-to-date. Nothing to do
Completed 200 OK in 11ms (Views: 6.3ms | ActiveRecord: 0.5ms | Allocations: 6849)


Started GET "/books/new" for 127.0.0.1 at 2021-12-12 16:20:52 +0000
Processing by BooksController#new as HTML
  [1m[36mUser Load (0.2ms)[0m  [1m[34mSELECT "users".* FROM "users" WHERE "users"."id" = ? ORDER BY "users"."id" ASC LIMIT ?[0m  [["id", 1], ["LIMIT", 1]]
  Rendering books/new.html.erb within layouts/application
  Rendered books/_form.html.erb (Duration: 3.4ms | Allocations: 1240)
  Rendered books/new.html.erb within layouts/application (Duration: 4.4ms | Allocations: 1322)
[Webpacker] Everything's up-to-date. Nothing to do
Completed 200 OK in 26ms (Views: 13.5ms | ActiveRecord: 0.8ms | Allocations: 8697)


Started POST "/books" for 127.0.0.1 at 2021-12-12 16:21:01 +0000
Processing by BooksController#create as HTML
  Parameters: {"authenticity_token"=>"C9K6GvGzD8t9NtgR/HRb/DtIVxC8unxxh7lvAu+1nE5WkP9XeHr3GY/P7Q/QZHK8CweYtOe2S45COBNYzBclnw==", "book"=>{"title"=>"dasd", "number_of_pages"=>"7", "detail"=>"222", "image"=>#<ActionDispatch::Http::UploadedFile:0x000000000465f5c8 @tempfile=#<Tempfile:/tmp/RackMultipart20211212-4305-1yamy20.png>, @original_filename="Untitled.png", @content_type="image/png", @headers="Content-Disposition: form-data; name=\"book[image]\"; filename=\"Untitled.png\"\r\nContent-Type: image/png\r\n">}, "commit"=>"Create Book"}
  [1m[36mUser Load (0.1ms)[0m  [1m[34mSELECT "users".* FROM "users" WHERE "users"."id" = ? ORDER BY "users"."id" ASC LIMIT ?[0m  [["id", 1], ["LIMIT", 1]]
Completed 500 Internal Server Error in 4ms (ActiveRecord: 0.1ms | Allocations: 2297)


  
ActiveModel::UnknownAttributeError (unknown attribute 'detail' for Book.):
  
app/controllers/books_controller.rb:24:in `create'
  [1m[35m (0.5ms)[0m  [1m[34mSELECT sqlite_version(*)[0m
  [1m[35m (0.1ms)[0m  [1m[34mSELECT "schema_migrations"."version" FROM "schema_migrations" ORDER BY "schema_migrations"."version" ASC[0m
  [1m[36mActiveRecord::InternalMetadata Load (1.0ms)[0m  [1m[34mSELECT "ar_internal_metadata".* FROM "ar_internal_metadata" WHERE "ar_internal_metadata"."key" = ? LIMIT ?[0m  [["key", "environment"], ["LIMIT", 1]]
  [1m[35m (0.1ms)[0m  [1m[34mSELECT sqlite_version(*)[0m
  [1m[35m (0.1ms)[0m  [1m[34mSELECT "schema_migrations"."version" FROM "schema_migrations" ORDER BY "schema_migrations"."version" ASC[0m
  [1m[35m (0.5ms)[0m  [1m[34mSELECT sqlite_version(*)[0m
  [1m[35m (0.1ms)[0m  [1m[34mSELECT "schema_migrations"."version" FROM "schema_migrations" ORDER BY "schema_migrations"."version" ASC[0m
Migrating to CreateBookReviews (20211212162501)
  [1m[35m (0.0ms)[0m  [1m[36mbegin transaction[0m
  [1m[35m (8.3ms)[0m  [1m[35mCREATE TABLE "book_reviews" ("id" integer PRIMARY KEY AUTOINCREMENT NOT NULL, "user_id" integer, "book_id" integer, "review" text, "created_at" datetime(6) NOT NULL, "updated_at" datetime(6) NOT NULL)[0m
  [1m[36mActiveRecord::SchemaMigration Create (1.9ms)[0m  [1m[32mINSERT INTO "schema_migrations" ("version") VALUES (?)[0m  [["version", "20211212162501"]]
  [1m[35m (6.5ms)[0m  [1m[36mcommit transaction[0m
  [1m[36mActiveRecord::InternalMetadata Load (0.2ms)[0m  [1m[34mSELECT "ar_internal_metadata".* FROM "ar_internal_metadata" WHERE "ar_internal_metadata"."key" = ? LIMIT ?[0m  [["key", "environment"], ["LIMIT", 1]]
  [1m[35m (0.1ms)[0m  [1m[34mSELECT sqlite_version(*)[0m
  [1m[35m (0.2ms)[0m  [1m[34mSELECT "schema_migrations"."version" FROM "schema_migrations" ORDER BY "schema_migrations"."version" ASC[0m
Started GET "/" for 127.0.0.1 at 2021-12-12 16:29:14 +0000
  [1m[35m (0.6ms)[0m  [1m[34mSELECT sqlite_version(*)[0m
  [1m[35m (0.2ms)[0m  [1m[34mSELECT "schema_migrations"."version" FROM "schema_migrations" ORDER BY "schema_migrations"."version" ASC[0m
Processing by StaticPagesController#home as HTML
  Rendering static_pages/home.html.erb within layouts/application
  Rendered static_pages/home.html.erb within layouts/application (Duration: 1.3ms | Allocations: 264)
[Webpacker] Everything's up-to-date. Nothing to do
  [1m[36mUser Load (0.3ms)[0m  [1m[34mSELECT "users".* FROM "users" WHERE "users"."id" = ? ORDER BY "users"."id" ASC LIMIT ?[0m  [["id", 1], ["LIMIT", 1]]
  ↳ app/views/layouts/application.html.erb:14
Completed 200 OK in 119ms (Views: 107.8ms | ActiveRecord: 1.7ms | Allocations: 32292)


Started GET "/books" for 127.0.0.1 at 2021-12-12 16:29:17 +0000
Processing by BooksController#index as HTML
  [1m[36mUser Load (0.2ms)[0m  [1m[34mSELECT "users".* FROM "users" WHERE "users"."id" = ? ORDER BY "users"."id" ASC LIMIT ?[0m  [["id", 1], ["LIMIT", 1]]
  Rendering books/index.html.erb within layouts/application
  [1m[36mBook Load (0.2ms)[0m  [1m[34mSELECT "books".* FROM "books"[0m
  ↳ app/views/books/index.html.erb:15
  Rendered books/index.html.erb within layouts/application (Duration: 12.0ms | Allocations: 1172)
[Webpacker] Everything's up-to-date. Nothing to do
Completed 200 OK in 29ms (Views: 20.3ms | ActiveRecord: 0.8ms | Allocations: 7756)


Started GET "/books/new" for 127.0.0.1 at 2021-12-12 16:29:19 +0000
Processing by BooksController#new as HTML
  [1m[36mUser Load (0.2ms)[0m  [1m[34mSELECT "users".* FROM "users" WHERE "users"."id" = ? ORDER BY "users"."id" ASC LIMIT ?[0m  [["id", 1], ["LIMIT", 1]]
  Rendering books/new.html.erb within layouts/application
  Rendered books/_form.html.erb (Duration: 22.5ms | Allocations: 4514)
  Rendered books/new.html.erb within layouts/application (Duration: 24.6ms | Allocations: 4849)
[Webpacker] Everything's up-to-date. Nothing to do
Completed 200 OK in 46ms (Views: 30.1ms | ActiveRecord: 0.8ms | Allocations: 12506)


Started POST "/books" for 127.0.0.1 at 2021-12-12 16:29:28 +0000
Processing by BooksController#create as HTML
  Parameters: {"authenticity_token"=>"dIlsqyeEz1VHR1odwOxTgOMjA/FdTZ57dXi9hQWMpJApyynmrk03h7W+bwPs/HrA02zMVQZBqYSw+cHfJi4dQQ==", "book"=>{"title"=>"dasd", "number_of_pages"=>"31", "detail"=>"11", "image"=>#<ActionDispatch::Http::UploadedFile:0x0000000002cc9ff0 @tempfile=#<Tempfile:/tmp/RackMultipart20211212-6010-gtkosb.png>, @original_filename="Untitled.png", @content_type="image/png", @headers="Content-Disposition: form-data; name=\"book[image]\"; filename=\"Untitled.png\"\r\nContent-Type: image/png\r\n">}, "commit"=>"Create Book"}
  [1m[36mUser Load (0.2ms)[0m  [1m[34mSELECT "users".* FROM "users" WHERE "users"."id" = ? ORDER BY "users"."id" ASC LIMIT ?[0m  [["id", 1], ["LIMIT", 1]]
Completed 500 Internal Server Error in 7ms (ActiveRecord: 0.2ms | Allocations: 2444)


  
ActiveModel::UnknownAttributeError (unknown attribute 'detail' for Book.):
  
app/controllers/books_controller.rb:25:in `create'
